<?xml version="1.0" encoding="UTF-8"?>
<testng-results skipped="0" failed="0" total="1" passed="1">
  <reporter-output>
  </reporter-output>
  <suite name="com.example.tests.HomeworkTest" duration-ms="20563" started-at="2016-11-29T12:48:07Z" finished-at="2016-11-29T12:48:27Z">
    <groups>
    </groups>
    <test name="Command line test" duration-ms="20563" started-at="2016-11-29T12:48:07Z" finished-at="2016-11-29T12:48:27Z">
      <class name="com.example.tests.HomeworkTest">
        <test-method status="PASS" signature="setUp()[pri:0, instance:com.example.tests.HomeworkTest@68837a77]" name="setUp" is-config="true" duration-ms="1859" started-at="2016-11-29T13:48:07Z" finished-at="2016-11-29T13:48:09Z">
          <reporter-output>
          </reporter-output>
        </test-method> <!-- setUp -->
        <test-method status="PASS" signature="testHomework()[pri:0, instance:com.example.tests.HomeworkTest@68837a77]" name="testHomework" duration-ms="18470" started-at="2016-11-29T13:48:09Z" finished-at="2016-11-29T13:48:27Z">
          <reporter-output>
          </reporter-output>
        </test-method> <!-- testHomework -->
        <test-method status="PASS" signature="tearDown()[pri:0, instance:com.example.tests.HomeworkTest@68837a77]" name="tearDown" is-config="true" duration-ms="210" started-at="2016-11-29T13:48:27Z" finished-at="2016-11-29T13:48:27Z">
          <reporter-output>
          </reporter-output>
        </test-method> <!-- tearDown -->
      </class> <!-- com.example.tests.HomeworkTest -->
    </test> <!-- Command line test -->
  </suite> <!-- com.example.tests.HomeworkTest -->
</testng-results>
